Base path: C:/Program Files (x86)/Unity/Editor/Data
Pipe name: \\.\pipe\UnityShaderCompiler-1-2964
Cmd: getPlatforms
Cmd: preprocess
  insize=464 outsize=464 ok=1
Cmd: preprocess
  insize=1651 outsize=2267 ok=1
Cmd: preprocess
  insize=708 outsize=708 ok=1
Cmd: preprocess
  insize=1486 outsize=2211 ok=1
Cmd: preprocess
  insize=1921 outsize=1315 ok=1
Cmd: compileSnippet
  error: 1 plat 1 at (66): implicit cast from "float4" to "half3"
  error: 1 plat 1 at (67): implicit cast from "half4" to "half3"
  error: 2 plat 1 at /UnityCG.cginc(75): variable "tangent" domain conflicts with semantics "TANGENT"
  error: 2 plat 1 at /UnityCG.cginc(76): variable "normal" domain conflicts with semantics "NORMAL"
  api=1 type=0 insize=5559 outsize=0 kw=DIRECTIONAL LIGHTMAP_OFF DIRLIGHTMAP_OFF ok=0
Cmd: preprocess
  insize=1101 outsize=904 ok=1
Cmd: compileSnippet
  api=1 type=0 insize=4822 outsize=595 kw=DIRECTIONAL SHADOWS_OFF LIGHTMAP_OFF DIRLIGHTMAP_OFF ok=1
Cmd: compileSnippet
  api=1 type=1 insize=4822 outsize=345 kw=DIRECTIONAL SHADOWS_OFF LIGHTMAP_OFF DIRLIGHTMAP_OFF ok=1
Cmd: compileSnippet
  api=1 type=0 insize=2798 outsize=383 kw=POINT ok=1
Cmd: compileSnippet
  api=1 type=1 insize=2798 outsize=538 kw=POINT ok=1
Cmd: preprocess
  insize=883 outsize=883 ok=1
Cmd: preprocess
  insize=2519 outsize=884 ok=1
Cmd: compileSnippet
  api=1 type=0 insize=1131 outsize=206 kw= ok=1
Cmd: compileSnippet
  api=1 type=1 insize=1131 outsize=81 kw= ok=1
Cmd: compileSnippet
  api=1 type=0 insize=1028 outsize=202 kw= ok=1
Cmd: compileSnippet
  api=1 type=1 insize=1028 outsize=81 kw= ok=1
Cmd: preprocess
  insize=792 outsize=792 ok=1
Cmd: preprocess
  insize=1654 outsize=1035 ok=1
Cmd: compileSnippet
  api=1 type=0 insize=867 outsize=316 kw= ok=1
Cmd: compileSnippet
  api=1 type=1 insize=867 outsize=29 kw= ok=1
Cmd: compileSnippet
  api=1 type=0 insize=834 outsize=316 kw= ok=1
Cmd: preprocess
  insize=3105 outsize=1735 ok=1
Cmd: compileSnippet
  api=1 type=0 insize=1612 outsize=422 kw= ok=1
Cmd: compileSnippet
  api=1 type=1 insize=1612 outsize=626 kw= ok=1
Cmd: preprocess
  insize=708 outsize=708 ok=1
Cmd: preprocess
  insize=743 outsize=743 ok=1
Cmd: preprocess
  insize=1574 outsize=702 ok=1
Cmd: compileSnippet
  api=1 type=0 insize=1135 outsize=272 kw= ok=1
Cmd: compileSnippet
  api=1 type=1 insize=1135 outsize=192 kw= ok=1
Cmd: preprocess
  insize=1812 outsize=1056 ok=1
Cmd: compileSnippet
  api=1 type=0 insize=1020 outsize=171 kw= ok=1
Cmd: compileSnippet
  api=1 type=1 insize=1020 outsize=141 kw= ok=1
Cmd: compileSnippet
  api=1 type=0 insize=2798 outsize=253 kw=DIRECTIONAL ok=1
Cmd: compileSnippet
  api=1 type=1 insize=2798 outsize=337 kw=DIRECTIONAL ok=1
